<?xml version="1.0" encoding="UTF-8"?>
<!-- Generated by org.testng.reporters.JUnitXMLReporter -->
<testsuite hostname="cjordan15" name="Command line test" tests="4" failures="0" timestamp="30 Jun 2017 21:15:57 GMT" time="0.154" errors="0">
  <testcase name="addIntegerSets" time="0.084" classname="com.wellness.testcases.WellnessTest"/>
  <testcase name="average" time="0.0" classname="com.wellness.testcases.WellnessTest"/>
  <testcase name="findingMaxOIntegerSet" time="0.0" classname="com.wellness.testcases.WellnessTest"/>
  <testcase name="multiplicationOfZeroIntegersShouldReturnZero" time="0.016" classname="com.wellness.testcases.WellnessTest"/>
</testsuite> <!-- Command line test -->
